<?xml version="1.0" encoding="UTF-8"?>
<!-- Generated by org.testng.reporters.JUnitReportReporter -->
<testsuite hostname="kannu" failures="0" tests="3" name="demo.JenkinsTest" time="7.966" errors="0" timestamp="2023-07-24T09:46:33 IST" skipped="0">
  <testcase classname="demo.JenkinsTest" name="test3" time="0.351"/>
  <system-out/>
  <testcase classname="demo.JenkinsTest" name="test1" time="5.384"/>
  <system-out/>
  <testcase classname="demo.JenkinsTest" name="test2" time="2.231"/>
  <system-out/>
</testsuite> <!-- demo.JenkinsTest -->
