<?xml version="1.0" encoding="UTF-8"?>
<!-- Generated by org.testng.reporters.JUnitReportReporter -->
<testsuite hostname="kannu" failures="0" tests="3" name="demo.TestNgIgnoreDemo" time="0.000" errors="0" timestamp="2023-07-20T12:46:22 IST" skipped="3">
  <testcase classname="demo.TestNgIgnoreDemo" name="test2" time="0.000">
    <skipped/>
  </testcase> <!-- test2 -->
  <system-out/>
  <testcase classname="demo.TestNgIgnoreDemo" name="test3" time="0.000">
    <skipped/>
  </testcase> <!-- test3 -->
  <system-out/>
  <testcase classname="demo.TestNgIgnoreDemo" name="test1">
    <skipped/>
  </testcase> <!-- test1 -->
  <system-out/>
</testsuite> <!-- demo.TestNgIgnoreDemo -->
