<?xml version="1.0" encoding="UTF-8"?>
<!-- Generated by org.testng.reporters.JUnitReportReporter -->
<testsuite hostname="kannu" failures="0" tests="1" name="test.ExtendReportDemoWithTestng" time="0.000" errors="0" timestamp="2023-07-17T17:57:29 IST" skipped="1">
  <testcase classname="test.ExtendReportDemoWithTestng" name="testMethod" time="0.000">
    <skipped/>
  </testcase> <!-- testMethod -->
  <system-out/>
</testsuite> <!-- test.ExtendReportDemoWithTestng -->
