<?xml version="1.0" encoding="UTF-8"?>
<!-- Generated by org.testng.reporters.JUnitReportReporter -->
<testsuite hostname="kannu" failures="0" tests="1" name="demo.FluentWaitDemo" time="0.000" errors="0" timestamp="2023-07-20T12:46:22 IST" skipped="1">
  <testcase classname="demo.FluentWaitDemo" name="test" time="0.000">
    <skipped/>
  </testcase> <!-- test -->
  <system-out/>
</testsuite> <!-- demo.FluentWaitDemo -->
