<?xml version="1.0" encoding="UTF-8"?>
<!-- Generated by org.testng.reporters.JUnitReportReporter -->
<testsuite hostname="kannu" failures="0" tests="5" name="demo.TestNgRetryFailedDemo" time="0.000" errors="0" timestamp="2023-07-20T12:46:22 IST" skipped="5">
  <testcase classname="demo.TestNgRetryFailedDemo" name="test4" time="0.000">
    <skipped/>
  </testcase> <!-- test4 -->
  <system-out/>
  <testcase classname="demo.TestNgRetryFailedDemo" name="test2" time="0.000">
    <skipped/>
  </testcase> <!-- test2 -->
  <system-out/>
  <testcase classname="demo.TestNgRetryFailedDemo" name="test5" time="0.000">
    <skipped/>
  </testcase> <!-- test5 -->
  <system-out/>
  <testcase classname="demo.TestNgRetryFailedDemo" name="test1" time="0.000">
    <skipped/>
  </testcase> <!-- test1 -->
  <system-out/>
  <testcase classname="demo.TestNgRetryFailedDemo" name="test3" time="0.000">
    <skipped/>
  </testcase> <!-- test3 -->
  <system-out/>
</testsuite> <!-- demo.TestNgRetryFailedDemo -->
