<?xml version="1.0" encoding="UTF-8"?>
<!-- Generated by org.testng.reporters.JUnitReportReporter -->
<testsuite hostname="kannu" failures="0" tests="2" name="utilities.ExcelDataProvider" time="25.676" errors="0" timestamp="2023-07-18T00:52:42 IST" skipped="0">
  <testcase classname="utilities.ExcelDataProvider" name="test1" time="17.557"/>
  <system-out/>
  <testcase classname="utilities.ExcelDataProvider" name="test1" time="8.119"/>
  <system-out/>
</testsuite> <!-- utilities.ExcelDataProvider -->
