<?xml version="1.0" encoding="UTF-8"?>
<!-- Generated by org.testng.reporters.JUnitReportReporter -->
<testsuite hostname="kannu" failures="0" tests="1" name="test.TestNg_Demo" time="4.433" errors="0" timestamp="2023-07-17T19:36:21 IST" skipped="0">
  <testcase classname="test.TestNg_Demo" name="TestMeth" time="4.433"/>
  <system-out/>
</testsuite> <!-- test.TestNg_Demo -->
