<?xml version="1.0" encoding="UTF-8"?>
<!-- Generated by org.testng.reporters.JUnitReportReporter -->
<testsuite hostname="kannu" failures="0" tests="4" name="demo.TestngGrouping" time="0.000" errors="0" timestamp="2023-07-20T12:46:22 IST" skipped="4">
  <testcase classname="demo.TestngGrouping" name="test3" time="0.000">
    <skipped/>
  </testcase> <!-- test3 -->
  <system-out/>
  <testcase classname="demo.TestngGrouping" name="test2" time="0.000">
    <skipped/>
  </testcase> <!-- test2 -->
  <system-out/>
  <testcase classname="demo.TestngGrouping" name="test1" time="0.000">
    <skipped/>
  </testcase> <!-- test1 -->
  <system-out/>
  <testcase classname="demo.TestngGrouping" name="test4" time="0.000">
    <skipped/>
  </testcase> <!-- test4 -->
  <system-out/>
</testsuite> <!-- demo.TestngGrouping -->
