<?xml version="1.0" encoding="UTF-8"?>
<!-- Generated by org.testng.reporters.JUnitReportReporter -->
<testsuite hostname="kannu" failures="0" tests="3" name="demo.TestngDependencyDemo" time="0.001" errors="0" timestamp="2023-07-20T12:46:22 IST" skipped="3">
  <testcase classname="demo.TestngDependencyDemo" name="test1" time="0.000">
    <skipped/>
  </testcase> <!-- test1 -->
  <system-out/>
  <testcase classname="demo.TestngDependencyDemo" name="test3" time="0.000">
    <skipped/>
  </testcase> <!-- test3 -->
  <system-out/>
  <testcase classname="demo.TestngDependencyDemo" name="test2" time="0.001">
    <skipped/>
  </testcase> <!-- test2 -->
  <system-out/>
</testsuite> <!-- demo.TestngDependencyDemo -->
