<?xml version="1.0" encoding="UTF-8"?>
<!-- Generated by org.testng.reporters.JUnitReportReporter -->
<testsuite hostname="kannu" failures="0" tests="1" name="demo.UntitledTestCase" time="0.041" errors="0" timestamp="2023-07-18T20:19:20 IST" skipped="0">
  <testcase classname="demo.UntitledTestCase" name="testUntitledTestCase" time="0.041"/>
  <system-out/>
</testsuite> <!-- demo.UntitledTestCase -->
