<?xml version="1.0" encoding="UTF-8"?>
<!-- Generated by org.testng.reporters.JUnitReportReporter -->
<testsuite hostname="kannu" failures="0" tests="1" name="demo.SeleniumWaitDemo" time="0.001" errors="0" timestamp="2023-07-20T12:46:22 IST" skipped="1">
  <testcase classname="demo.SeleniumWaitDemo" name="seleniumWait" time="0.001">
    <skipped/>
  </testcase> <!-- seleniumWait -->
  <system-out/>
</testsuite> <!-- demo.SeleniumWaitDemo -->
